<?xml version="1.0" encoding="UTF-8"?>
<!-- Generated by org.testng.reporters.JUnitReportReporter -->
<testsuite hostname="bansahu-PF17URY2" failures="0" tests="1" name="selenium.java.MathmeticCaptchastyle" time="18.763" errors="0" timestamp="07 Sep 2023 04:21:06 GMT" skipped="0">
  <testcase classname="selenium.java.MathmeticCaptchastyle" name="mathcaptcha" time="18.763"/>
</testsuite> <!-- selenium.java.MathmeticCaptchastyle -->
